<?xml version="1.0" encoding="UTF-8"?>
<!-- Generated by org.testng.reporters.JUnitReportReporter -->
<testsuite hostname="Anupams-MacBook-Air.local" failures="0" tests="3" name="listener1.ListenerDemo" time="0.010" errors="0" timestamp="13 Feb 2024 22:43:04 GMT" skipped="0">
  <testcase classname="listener1.ListenerDemo" name="test2" time="0.001"/>
  <testcase classname="listener1.ListenerDemo" name="test3" time="0.002"/>
  <testcase classname="listener1.ListenerDemo" name="test1" time="0.007"/>
</testsuite> <!-- listener1.ListenerDemo -->
