<?xml version="1.0" encoding="UTF-8"?>
<!-- Generated by org.testng.reporters.JUnitReportReporter -->
<testsuite hostname="Anupams-MacBook-Air.local" failures="0" tests="3" name="listener1.ListenerDemo2" time="0.002" errors="0" timestamp="17 Feb 2024 00:06:50 GMT" skipped="0">
  <testcase classname="listener1.ListenerDemo2" name="test4" time="0.000"/>
  <testcase classname="listener1.ListenerDemo2" name="test5" time="0.001"/>
  <testcase classname="listener1.ListenerDemo2" name="test6" time="0.001"/>
</testsuite> <!-- listener1.ListenerDemo2 -->
