<?xml version="1.0" encoding="UTF-8"?>
<!-- Generated by org.testng.reporters.JUnitReportReporter -->
<testsuite hostname="Anupams-MacBook-Air.local" failures="0" tests="3" name="listener1.ListenerDemo1" time="22.129" errors="0" timestamp="17 Feb 2024 00:06:50 GMT" skipped="0">
  <testcase classname="listener1.ListenerDemo1" name="test2" time="22.121"/>
  <testcase classname="listener1.ListenerDemo1" name="test1" time="0.006"/>
  <testcase classname="listener1.ListenerDemo1" name="test3" time="0.002"/>
</testsuite> <!-- listener1.ListenerDemo1 -->
